<?xml version="1.0" encoding="UTF-8"?>
<!-- Generated by org.testng.reporters.JUnitXMLReporter -->
<testsuite ignored="0" hostname="QSP" failures="1" tests="3" name="Test" time="37.786" errors="0" timestamp="2022-02-23T18:47:33 IST">
  <testcase classname="testng.Testcase2" name="tc2" time="3.046"/>
  <testcase classname="testng.Testacse1" name="tc1" time="6.336">
    <failure type="java.lang.AssertionError" message="The following asserts failed:
	expected [uyugfjgyutfu] but found [Facebook – log in or sign up]">
      <![CDATA[java.lang.AssertionError: The following asserts failed:
expected [uyugfjgyutfu] but found [Facebook – log in or sign up]
at testng.Testacse1.tc1(Testacse1.java:44)
at java.base/java.util.ArrayList.forEach(ArrayList.java:1511)
... Removed 29 stack frames]]>
    </failure>
  </testcase> <!-- tc1 -->
  <testcase classname="testng.Testcase3" name="tc3" time="4.963"/>
</testsuite> <!-- Test -->
